2016-02-14 13:42:40
Full thread dump Java HotSpot(TM) 64-Bit Server VM (24.71-b01 mixed mode):

"JMX server connection timeout 16" daemon prio=6 tid=0x000000000b152800 nid=0x27e0 in Object.wait() [0x000000000e74f000]
   java.lang.Thread.State: TIMED_WAITING (on object monitor)
	at java.lang.Object.wait(Native Method)
	- waiting on <0x00000000e1890068> (a [I)
	at com.sun.jmx.remote.internal.ServerCommunicatorAdmin$Timeout.run(ServerCommunicatorAdmin.java:168)
	- locked <0x00000000e1890068> (a [I)
	at java.lang.Thread.run(Thread.java:745)

"RMI Scheduler(0)" daemon prio=6 tid=0x000000000b152000 nid=0x1150 waiting on condition [0x000000000e53e000]
   java.lang.Thread.State: TIMED_WAITING (parking)
	at sun.misc.Unsafe.park(Native Method)
	- parking to wait for  <0x00000000e1880450> (a java.util.concurrent.locks.AbstractQueuedSynchronizer$ConditionObject)
	at java.util.concurrent.locks.LockSupport.parkNanos(LockSupport.java:226)
	at java.util.concurrent.locks.AbstractQueuedSynchronizer$ConditionObject.awaitNanos(AbstractQueuedSynchronizer.java:2082)
	at java.util.concurrent.ScheduledThreadPoolExecutor$DelayedWorkQueue.take(ScheduledThreadPoolExecutor.java:1090)
	at java.util.concurrent.ScheduledThreadPoolExecutor$DelayedWorkQueue.take(ScheduledThreadPoolExecutor.java:807)
	at java.util.concurrent.ThreadPoolExecutor.getTask(ThreadPoolExecutor.java:1068)
	at java.util.concurrent.ThreadPoolExecutor.runWorker(ThreadPoolExecutor.java:1130)
	at java.util.concurrent.ThreadPoolExecutor$Worker.run(ThreadPoolExecutor.java:615)
	at java.lang.Thread.run(Thread.java:745)

"RMI TCP Connection(1)-192.168.0.61" daemon prio=6 tid=0x000000000b2f8000 nid=0x2ae4 runnable [0x000000000e3cf000]
   java.lang.Thread.State: RUNNABLE
	at java.net.SocketInputStream.socketRead0(Native Method)
	at java.net.SocketInputStream.read(SocketInputStream.java:152)
	at java.net.SocketInputStream.read(SocketInputStream.java:122)
	at java.io.BufferedInputStream.fill(BufferedInputStream.java:235)
	at java.io.BufferedInputStream.read(BufferedInputStream.java:254)
	- locked <0x00000000e1888638> (a java.io.BufferedInputStream)
	at java.io.FilterInputStream.read(FilterInputStream.java:83)
	at sun.rmi.transport.tcp.TCPTransport.handleMessages(TCPTransport.java:538)
	at sun.rmi.transport.tcp.TCPTransport$ConnectionHandler.run0(TCPTransport.java:811)
	at sun.rmi.transport.tcp.TCPTransport$ConnectionHandler.run(TCPTransport.java:670)
	at java.util.concurrent.ThreadPoolExecutor.runWorker(ThreadPoolExecutor.java:1145)
	at java.util.concurrent.ThreadPoolExecutor$Worker.run(ThreadPoolExecutor.java:615)
	at java.lang.Thread.run(Thread.java:745)

"RMI TCP Accept-0" daemon prio=6 tid=0x000000000b2f7800 nid=0x2094 runnable [0x000000000da9f000]
   java.lang.Thread.State: RUNNABLE
	at java.net.DualStackPlainSocketImpl.accept0(Native Method)
	at java.net.DualStackPlainSocketImpl.socketAccept(DualStackPlainSocketImpl.java:131)
	at java.net.AbstractPlainSocketImpl.accept(AbstractPlainSocketImpl.java:398)
	at java.net.PlainSocketImpl.accept(PlainSocketImpl.java:199)
	- locked <0x00000000e1898190> (a java.net.SocksSocketImpl)
	at java.net.ServerSocket.implAccept(ServerSocket.java:530)
	at java.net.ServerSocket.accept(ServerSocket.java:498)
	at sun.management.jmxremote.LocalRMIServerSocketFactory$1.accept(LocalRMIServerSocketFactory.java:52)
	at sun.rmi.transport.tcp.TCPTransport$AcceptLoop.executeAcceptLoop(TCPTransport.java:388)
	at sun.rmi.transport.tcp.TCPTransport$AcceptLoop.run(TCPTransport.java:360)
	at java.lang.Thread.run(Thread.java:745)

"pool-1-thread-2" prio=6 tid=0x000000000b16e800 nid=0x1a9c waiting on condition [0x000000000d6ce000]
   java.lang.Thread.State: WAITING (parking)
	at sun.misc.Unsafe.park(Native Method)
	- parking to wait for  <0x00000000e18900f0> (a java.util.concurrent.locks.ReentrantLock$NonfairSync)
	at java.util.concurrent.locks.LockSupport.park(LockSupport.java:186)
	at java.util.concurrent.locks.AbstractQueuedSynchronizer.parkAndCheckInterrupt(AbstractQueuedSynchronizer.java:834)
	at java.util.concurrent.locks.AbstractQueuedSynchronizer.acquireQueued(AbstractQueuedSynchronizer.java:867)
	at java.util.concurrent.locks.AbstractQueuedSynchronizer.acquire(AbstractQueuedSynchronizer.java:1197)
	at java.util.concurrent.locks.ReentrantLock$NonfairSync.lock(ReentrantLock.java:214)
	at java.util.concurrent.locks.ReentrantLock.lock(ReentrantLock.java:290)
	at jamp.task.RunnableTask.run(RunnableTask.java:27)
	at java.util.concurrent.Executors$RunnableAdapter.call(Executors.java:471)
	at java.util.concurrent.FutureTask.run(FutureTask.java:262)
	at java.util.concurrent.ThreadPoolExecutor.runWorker(ThreadPoolExecutor.java:1145)
	at java.util.concurrent.ThreadPoolExecutor$Worker.run(ThreadPoolExecutor.java:615)
	at java.lang.Thread.run(Thread.java:745)

"pool-1-thread-1" prio=6 tid=0x000000000b160800 nid=0x2f04 waiting on condition [0x000000000d4be000]
   java.lang.Thread.State: WAITING (parking)
	at sun.misc.Unsafe.park(Native Method)
	- parking to wait for  <0x00000000e1898338> (a java.util.concurrent.locks.ReentrantLock$NonfairSync)
	at java.util.concurrent.locks.LockSupport.park(LockSupport.java:186)
	at java.util.concurrent.locks.AbstractQueuedSynchronizer.parkAndCheckInterrupt(AbstractQueuedSynchronizer.java:834)
	at java.util.concurrent.locks.AbstractQueuedSynchronizer.acquireQueued(AbstractQueuedSynchronizer.java:867)
	at java.util.concurrent.locks.AbstractQueuedSynchronizer.acquire(AbstractQueuedSynchronizer.java:1197)
	at java.util.concurrent.locks.ReentrantLock$NonfairSync.lock(ReentrantLock.java:214)
	at java.util.concurrent.locks.ReentrantLock.lock(ReentrantLock.java:290)
	at jamp.task.RunnableTask.run(RunnableTask.java:27)
	at java.util.concurrent.Executors$RunnableAdapter.call(Executors.java:471)
	at java.util.concurrent.FutureTask.run(FutureTask.java:262)
	at java.util.concurrent.ThreadPoolExecutor.runWorker(ThreadPoolExecutor.java:1145)
	at java.util.concurrent.ThreadPoolExecutor$Worker.run(ThreadPoolExecutor.java:615)
	at java.lang.Thread.run(Thread.java:745)

"Monitor Ctrl-Break" daemon prio=6 tid=0x000000000b102000 nid=0x2730 runnable [0x000000000cf8e000]
   java.lang.Thread.State: RUNNABLE
	at java.net.DualStackPlainSocketImpl.accept0(Native Method)
	at java.net.DualStackPlainSocketImpl.socketAccept(DualStackPlainSocketImpl.java:131)
	at java.net.AbstractPlainSocketImpl.accept(AbstractPlainSocketImpl.java:398)
	at java.net.PlainSocketImpl.accept(PlainSocketImpl.java:199)
	- locked <0x00000000e18c4140> (a java.net.SocksSocketImpl)
	at java.net.ServerSocket.implAccept(ServerSocket.java:530)
	at java.net.ServerSocket.accept(ServerSocket.java:498)
	at com.intellij.rt.execution.application.AppMain$1.run(AppMain.java:90)
	at java.lang.Thread.run(Thread.java:745)

"Service Thread" daemon prio=6 tid=0x000000000b023000 nid=0x2f8c runnable [0x0000000000000000]
   java.lang.Thread.State: RUNNABLE

"C2 CompilerThread1" daemon prio=10 tid=0x000000000b019000 nid=0x246c waiting on condition [0x0000000000000000]
   java.lang.Thread.State: RUNNABLE

"C2 CompilerThread0" daemon prio=10 tid=0x0000000009f7d800 nid=0x19ec waiting on condition [0x0000000000000000]
   java.lang.Thread.State: RUNNABLE

"Attach Listener" daemon prio=10 tid=0x0000000009f7c800 nid=0x265c waiting on condition [0x0000000000000000]
   java.lang.Thread.State: RUNNABLE

"Signal Dispatcher" daemon prio=10 tid=0x00000000021df800 nid=0x1004 runnable [0x0000000000000000]
   java.lang.Thread.State: RUNNABLE

"Finalizer" daemon prio=8 tid=0x0000000009f66000 nid=0x2754 in Object.wait() [0x000000000c3cf000]
   java.lang.Thread.State: WAITING (on object monitor)
	at java.lang.Object.wait(Native Method)
	- waiting on <0x00000000e18b6ac0> (a java.lang.ref.ReferenceQueue$Lock)
	at java.lang.ref.ReferenceQueue.remove(ReferenceQueue.java:135)
	- locked <0x00000000e18b6ac0> (a java.lang.ref.ReferenceQueue$Lock)
	at java.lang.ref.ReferenceQueue.remove(ReferenceQueue.java:151)
	at java.lang.ref.Finalizer$FinalizerThread.run(Finalizer.java:209)

"Reference Handler" daemon prio=10 tid=0x00000000021da800 nid=0xddc in Object.wait() [0x000000000c1ef000]
   java.lang.Thread.State: WAITING (on object monitor)
	at java.lang.Object.wait(Native Method)
	- waiting on <0x00000000e18b6950> (a java.lang.ref.Reference$Lock)
	at java.lang.Object.wait(Object.java:503)
	at java.lang.ref.Reference$ReferenceHandler.run(Reference.java:133)
	- locked <0x00000000e18b6950> (a java.lang.ref.Reference$Lock)

"main" prio=6 tid=0x0000000002148000 nid=0x22e4 waiting on condition [0x00000000023ae000]
   java.lang.Thread.State: TIMED_WAITING (parking)
	at sun.misc.Unsafe.park(Native Method)
	- parking to wait for  <0x00000000e1898788> (a java.util.concurrent.locks.AbstractQueuedSynchronizer$ConditionObject)
	at java.util.concurrent.locks.LockSupport.parkNanos(LockSupport.java:226)
	at java.util.concurrent.locks.AbstractQueuedSynchronizer$ConditionObject.awaitNanos(AbstractQueuedSynchronizer.java:2082)
	at java.util.concurrent.ThreadPoolExecutor.awaitTermination(ThreadPoolExecutor.java:1468)
	at jamp.main.First.main(First.java:32)
	at sun.reflect.NativeMethodAccessorImpl.invoke0(Native Method)
	at sun.reflect.NativeMethodAccessorImpl.invoke(NativeMethodAccessorImpl.java:57)
	at sun.reflect.DelegatingMethodAccessorImpl.invoke(DelegatingMethodAccessorImpl.java:43)
	at java.lang.reflect.Method.invoke(Method.java:606)
	at com.intellij.rt.execution.application.AppMain.main(AppMain.java:144)

"VM Thread" prio=10 tid=0x000000000afd3800 nid=0x180c runnable 

"GC task thread#0 (ParallelGC)" prio=6 tid=0x000000000215f000 nid=0x2668 runnable 

"GC task thread#1 (ParallelGC)" prio=6 tid=0x0000000002160800 nid=0x1618 runnable 

"GC task thread#2 (ParallelGC)" prio=6 tid=0x0000000002162000 nid=0x2b60 runnable 

"GC task thread#3 (ParallelGC)" prio=6 tid=0x0000000002164000 nid=0x15f4 runnable 

"GC task thread#4 (ParallelGC)" prio=6 tid=0x0000000002167000 nid=0x275c runnable 

"GC task thread#5 (ParallelGC)" prio=6 tid=0x0000000002168800 nid=0x1c78 runnable 

"GC task thread#6 (ParallelGC)" prio=6 tid=0x000000000216a000 nid=0x2590 runnable 

"GC task thread#7 (ParallelGC)" prio=6 tid=0x000000000216b000 nid=0x2684 runnable 

"VM Periodic Task Thread" prio=10 tid=0x000000000b02c000 nid=0x22a4 waiting on condition 

JNI global references: 185


Found one Java-level deadlock:
=============================
"pool-1-thread-2":
  waiting for ownable synchronizer 0x00000000e18900f0, (a java.util.concurrent.locks.ReentrantLock$NonfairSync),
  which is held by "pool-1-thread-1"
"pool-1-thread-1":
  waiting for ownable synchronizer 0x00000000e1898338, (a java.util.concurrent.locks.ReentrantLock$NonfairSync),
  which is held by "pool-1-thread-2"

Java stack information for the threads listed above:
===================================================
"pool-1-thread-2":
	at sun.misc.Unsafe.park(Native Method)
	- parking to wait for  <0x00000000e18900f0> (a java.util.concurrent.locks.ReentrantLock$NonfairSync)
	at java.util.concurrent.locks.LockSupport.park(LockSupport.java:186)
	at java.util.concurrent.locks.AbstractQueuedSynchronizer.parkAndCheckInterrupt(AbstractQueuedSynchronizer.java:834)
	at java.util.concurrent.locks.AbstractQueuedSynchronizer.acquireQueued(AbstractQueuedSynchronizer.java:867)
	at java.util.concurrent.locks.AbstractQueuedSynchronizer.acquire(AbstractQueuedSynchronizer.java:1197)
	at java.util.concurrent.locks.ReentrantLock$NonfairSync.lock(ReentrantLock.java:214)
	at java.util.concurrent.locks.ReentrantLock.lock(ReentrantLock.java:290)
	at jamp.task.RunnableTask.run(RunnableTask.java:27)
	at java.util.concurrent.Executors$RunnableAdapter.call(Executors.java:471)
	at java.util.concurrent.FutureTask.run(FutureTask.java:262)
	at java.util.concurrent.ThreadPoolExecutor.runWorker(ThreadPoolExecutor.java:1145)
	at java.util.concurrent.ThreadPoolExecutor$Worker.run(ThreadPoolExecutor.java:615)
	at java.lang.Thread.run(Thread.java:745)
"pool-1-thread-1":
	at sun.misc.Unsafe.park(Native Method)
	- parking to wait for  <0x00000000e1898338> (a java.util.concurrent.locks.ReentrantLock$NonfairSync)
	at java.util.concurrent.locks.LockSupport.park(LockSupport.java:186)
	at java.util.concurrent.locks.AbstractQueuedSynchronizer.parkAndCheckInterrupt(AbstractQueuedSynchronizer.java:834)
	at java.util.concurrent.locks.AbstractQueuedSynchronizer.acquireQueued(AbstractQueuedSynchronizer.java:867)
	at java.util.concurrent.locks.AbstractQueuedSynchronizer.acquire(AbstractQueuedSynchronizer.java:1197)
	at java.util.concurrent.locks.ReentrantLock$NonfairSync.lock(ReentrantLock.java:214)
	at java.util.concurrent.locks.ReentrantLock.lock(ReentrantLock.java:290)
	at jamp.task.RunnableTask.run(RunnableTask.java:27)
	at java.util.concurrent.Executors$RunnableAdapter.call(Executors.java:471)
	at java.util.concurrent.FutureTask.run(FutureTask.java:262)
	at java.util.concurrent.ThreadPoolExecutor.runWorker(ThreadPoolExecutor.java:1145)
	at java.util.concurrent.ThreadPoolExecutor$Worker.run(ThreadPoolExecutor.java:615)
	at java.lang.Thread.run(Thread.java:745)

Found 1 deadlock.

