2016-02-14 15:16:37
Full thread dump Java HotSpot(TM) 64-Bit Server VM (24.71-b01 mixed mode):

"RMI TCP Connection(2)-192.168.0.61" daemon prio=6 tid=0x000000000b308000 nid=0x2ad8 runnable [0x000000000ee8e000]
   java.lang.Thread.State: RUNNABLE
	at java.net.SocketInputStream.socketRead0(Native Method)
	at java.net.SocketInputStream.read(SocketInputStream.java:152)
	at java.net.SocketInputStream.read(SocketInputStream.java:122)
	at java.io.BufferedInputStream.fill(BufferedInputStream.java:235)
	at java.io.BufferedInputStream.read(BufferedInputStream.java:254)
	- locked <0x00000000e0d06768> (a java.io.BufferedInputStream)
	at java.io.FilterInputStream.read(FilterInputStream.java:83)
	at sun.rmi.transport.tcp.TCPTransport.handleMessages(TCPTransport.java:538)
	at sun.rmi.transport.tcp.TCPTransport$ConnectionHandler.run0(TCPTransport.java:811)
	at sun.rmi.transport.tcp.TCPTransport$ConnectionHandler.run(TCPTransport.java:670)
	at java.util.concurrent.ThreadPoolExecutor.runWorker(ThreadPoolExecutor.java:1145)
	at java.util.concurrent.ThreadPoolExecutor$Worker.run(ThreadPoolExecutor.java:615)
	at java.lang.Thread.run(Thread.java:745)

"JMX server connection timeout 19" daemon prio=6 tid=0x000000000b2ed800 nid=0xd50 in Object.wait() [0x000000000ebff000]
   java.lang.Thread.State: TIMED_WAITING (on object monitor)
	at java.lang.Object.wait(Native Method)
	- waiting on <0x00000000e0af8430> (a [I)
	at com.sun.jmx.remote.internal.ServerCommunicatorAdmin$Timeout.run(ServerCommunicatorAdmin.java:168)
	- locked <0x00000000e0af8430> (a [I)
	at java.lang.Thread.run(Thread.java:745)

"RMI Scheduler(0)" daemon prio=6 tid=0x000000000b2ec800 nid=0x85c waiting on condition [0x000000000de8f000]
   java.lang.Thread.State: TIMED_WAITING (parking)
	at sun.misc.Unsafe.park(Native Method)
	- parking to wait for  <0x00000000e0917018> (a java.util.concurrent.locks.AbstractQueuedSynchronizer$ConditionObject)
	at java.util.concurrent.locks.LockSupport.parkNanos(LockSupport.java:226)
	at java.util.concurrent.locks.AbstractQueuedSynchronizer$ConditionObject.awaitNanos(AbstractQueuedSynchronizer.java:2082)
	at java.util.concurrent.ScheduledThreadPoolExecutor$DelayedWorkQueue.take(ScheduledThreadPoolExecutor.java:1090)
	at java.util.concurrent.ScheduledThreadPoolExecutor$DelayedWorkQueue.take(ScheduledThreadPoolExecutor.java:807)
	at java.util.concurrent.ThreadPoolExecutor.getTask(ThreadPoolExecutor.java:1068)
	at java.util.concurrent.ThreadPoolExecutor.runWorker(ThreadPoolExecutor.java:1130)
	at java.util.concurrent.ThreadPoolExecutor$Worker.run(ThreadPoolExecutor.java:615)
	at java.lang.Thread.run(Thread.java:745)

"RMI TCP Connection(idle)" daemon prio=6 tid=0x000000000b305000 nid=0x2a4 waiting on condition [0x000000000ea6f000]
   java.lang.Thread.State: TIMED_WAITING (parking)
	at sun.misc.Unsafe.park(Native Method)
	- parking to wait for  <0x00000000e08ffd88> (a java.util.concurrent.SynchronousQueue$TransferStack)
	at java.util.concurrent.locks.LockSupport.parkNanos(LockSupport.java:226)
	at java.util.concurrent.SynchronousQueue$TransferStack.awaitFulfill(SynchronousQueue.java:460)
	at java.util.concurrent.SynchronousQueue$TransferStack.transfer(SynchronousQueue.java:359)
	at java.util.concurrent.SynchronousQueue.poll(SynchronousQueue.java:942)
	at java.util.concurrent.ThreadPoolExecutor.getTask(ThreadPoolExecutor.java:1068)
	at java.util.concurrent.ThreadPoolExecutor.runWorker(ThreadPoolExecutor.java:1130)
	at java.util.concurrent.ThreadPoolExecutor$Worker.run(ThreadPoolExecutor.java:615)
	at java.lang.Thread.run(Thread.java:745)

"RMI TCP Accept-0" daemon prio=6 tid=0x000000000b2b2000 nid=0x29c4 runnable [0x000000000e8ee000]
   java.lang.Thread.State: RUNNABLE
	at java.net.DualStackPlainSocketImpl.accept0(Native Method)
	at java.net.DualStackPlainSocketImpl.socketAccept(DualStackPlainSocketImpl.java:131)
	at java.net.AbstractPlainSocketImpl.accept(AbstractPlainSocketImpl.java:398)
	at java.net.PlainSocketImpl.accept(PlainSocketImpl.java:199)
	- locked <0x00000000e091b090> (a java.net.SocksSocketImpl)
	at java.net.ServerSocket.implAccept(ServerSocket.java:530)
	at java.net.ServerSocket.accept(ServerSocket.java:498)
	at sun.management.jmxremote.LocalRMIServerSocketFactory$1.accept(LocalRMIServerSocketFactory.java:52)
	at sun.rmi.transport.tcp.TCPTransport$AcceptLoop.executeAcceptLoop(TCPTransport.java:388)
	at sun.rmi.transport.tcp.TCPTransport$AcceptLoop.run(TCPTransport.java:360)
	at java.lang.Thread.run(Thread.java:745)

"pool-1-thread-5" prio=6 tid=0x000000000b223800 nid=0x2058 waiting for monitor entry [0x000000000db0e000]
   java.lang.Thread.State: BLOCKED (on object monitor)
	at jamp.task.Philosopher.eat(Philosopher.java:38)
	- waiting to lock <0x00000000e03f85d8> (a jamp.model.Spoon)
	- locked <0x00000000e03fce70> (a jamp.model.Spoon)
	at jamp.task.Philosopher.run(Philosopher.java:51)
	at java.util.concurrent.Executors$RunnableAdapter.call(Executors.java:471)
	at java.util.concurrent.FutureTask.run(FutureTask.java:262)
	at java.util.concurrent.ThreadPoolExecutor.runWorker(ThreadPoolExecutor.java:1145)
	at java.util.concurrent.ThreadPoolExecutor$Worker.run(ThreadPoolExecutor.java:615)
	at java.lang.Thread.run(Thread.java:745)

"pool-1-thread-4" prio=6 tid=0x000000000b223000 nid=0x2e8c waiting for monitor entry [0x000000000d92f000]
   java.lang.Thread.State: BLOCKED (on object monitor)
	at jamp.task.Philosopher.eat(Philosopher.java:38)
	- waiting to lock <0x00000000e03fce70> (a jamp.model.Spoon)
	- locked <0x00000000e03fcbc8> (a jamp.model.Spoon)
	at jamp.task.Philosopher.run(Philosopher.java:51)
	at java.util.concurrent.Executors$RunnableAdapter.call(Executors.java:471)
	at java.util.concurrent.FutureTask.run(FutureTask.java:262)
	at java.util.concurrent.ThreadPoolExecutor.runWorker(ThreadPoolExecutor.java:1145)
	at java.util.concurrent.ThreadPoolExecutor$Worker.run(ThreadPoolExecutor.java:615)
	at java.lang.Thread.run(Thread.java:745)

"pool-1-thread-3" prio=6 tid=0x000000000b21c800 nid=0x2e0 waiting for monitor entry [0x000000000d76e000]
   java.lang.Thread.State: BLOCKED (on object monitor)
	at jamp.task.Philosopher.eat(Philosopher.java:38)
	- waiting to lock <0x00000000e03fcbc8> (a jamp.model.Spoon)
	- locked <0x00000000e03fbac0> (a jamp.model.Spoon)
	at jamp.task.Philosopher.run(Philosopher.java:51)
	at java.util.concurrent.Executors$RunnableAdapter.call(Executors.java:471)
	at java.util.concurrent.FutureTask.run(FutureTask.java:262)
	at java.util.concurrent.ThreadPoolExecutor.runWorker(ThreadPoolExecutor.java:1145)
	at java.util.concurrent.ThreadPoolExecutor$Worker.run(ThreadPoolExecutor.java:615)
	at java.lang.Thread.run(Thread.java:745)

"pool-1-thread-2" prio=6 tid=0x000000000b16d800 nid=0x1db8 waiting for monitor entry [0x000000000d2fe000]
   java.lang.Thread.State: BLOCKED (on object monitor)
	at jamp.task.Philosopher.eat(Philosopher.java:38)
	- waiting to lock <0x00000000e03fbac0> (a jamp.model.Spoon)
	- locked <0x00000000e03f85e8> (a jamp.model.Spoon)
	at jamp.task.Philosopher.run(Philosopher.java:51)
	at java.util.concurrent.Executors$RunnableAdapter.call(Executors.java:471)
	at java.util.concurrent.FutureTask.run(FutureTask.java:262)
	at java.util.concurrent.ThreadPoolExecutor.runWorker(ThreadPoolExecutor.java:1145)
	at java.util.concurrent.ThreadPoolExecutor$Worker.run(ThreadPoolExecutor.java:615)
	at java.lang.Thread.run(Thread.java:745)

"pool-1-thread-1" prio=6 tid=0x000000000b16c800 nid=0x141c waiting for monitor entry [0x000000000d56f000]
   java.lang.Thread.State: BLOCKED (on object monitor)
	at jamp.task.Philosopher.eat(Philosopher.java:38)
	- waiting to lock <0x00000000e03f85e8> (a jamp.model.Spoon)
	- locked <0x00000000e03f85d8> (a jamp.model.Spoon)
	at jamp.task.Philosopher.run(Philosopher.java:51)
	at java.util.concurrent.Executors$RunnableAdapter.call(Executors.java:471)
	at java.util.concurrent.FutureTask.run(FutureTask.java:262)
	at java.util.concurrent.ThreadPoolExecutor.runWorker(ThreadPoolExecutor.java:1145)
	at java.util.concurrent.ThreadPoolExecutor$Worker.run(ThreadPoolExecutor.java:615)
	at java.lang.Thread.run(Thread.java:745)

"Monitor Ctrl-Break" daemon prio=6 tid=0x000000000b0fd000 nid=0x1ee0 runnable [0x000000000ceff000]
   java.lang.Thread.State: RUNNABLE
	at java.net.DualStackPlainSocketImpl.accept0(Native Method)
	at java.net.DualStackPlainSocketImpl.socketAccept(DualStackPlainSocketImpl.java:131)
	at java.net.AbstractPlainSocketImpl.accept(AbstractPlainSocketImpl.java:398)
	at java.net.PlainSocketImpl.accept(PlainSocketImpl.java:199)
	- locked <0x00000000e01f4080> (a java.net.SocksSocketImpl)
	at java.net.ServerSocket.implAccept(ServerSocket.java:530)
	at java.net.ServerSocket.accept(ServerSocket.java:498)
	at com.intellij.rt.execution.application.AppMain$1.run(AppMain.java:90)
	at java.lang.Thread.run(Thread.java:745)

"Service Thread" daemon prio=6 tid=0x000000000b024000 nid=0x23c0 runnable [0x0000000000000000]
   java.lang.Thread.State: RUNNABLE

"C2 CompilerThread1" daemon prio=10 tid=0x0000000009f8e800 nid=0xe84 waiting on condition [0x0000000000000000]
   java.lang.Thread.State: RUNNABLE

"C2 CompilerThread0" daemon prio=10 tid=0x0000000009f8a000 nid=0x1c98 waiting on condition [0x0000000000000000]
   java.lang.Thread.State: RUNNABLE

"Attach Listener" daemon prio=10 tid=0x0000000009f89800 nid=0x1244 waiting on condition [0x0000000000000000]
   java.lang.Thread.State: RUNNABLE

"Signal Dispatcher" daemon prio=10 tid=0x0000000009f87800 nid=0x2178 runnable [0x0000000000000000]
   java.lang.Thread.State: RUNNABLE

"Finalizer" daemon prio=8 tid=0x000000000233f000 nid=0x2138 in Object.wait() [0x000000000c4ef000]
   java.lang.Thread.State: WAITING (on object monitor)
	at java.lang.Object.wait(Native Method)
	- waiting on <0x00000000e00847f8> (a java.lang.ref.ReferenceQueue$Lock)
	at java.lang.ref.ReferenceQueue.remove(ReferenceQueue.java:135)
	- locked <0x00000000e00847f8> (a java.lang.ref.ReferenceQueue$Lock)
	at java.lang.ref.ReferenceQueue.remove(ReferenceQueue.java:151)
	at java.lang.ref.Finalizer$FinalizerThread.run(Finalizer.java:209)

"Reference Handler" daemon prio=10 tid=0x000000000233e000 nid=0x2dd8 in Object.wait() [0x000000000c32f000]
   java.lang.Thread.State: WAITING (on object monitor)
	at java.lang.Object.wait(Native Method)
	- waiting on <0x00000000e0084410> (a java.lang.ref.Reference$Lock)
	at java.lang.Object.wait(Object.java:503)
	at java.lang.ref.Reference$ReferenceHandler.run(Reference.java:133)
	- locked <0x00000000e0084410> (a java.lang.ref.Reference$Lock)

"main" prio=6 tid=0x00000000022a8000 nid=0x11ac waiting on condition [0x000000000246e000]
   java.lang.Thread.State: TIMED_WAITING (parking)
	at sun.misc.Unsafe.park(Native Method)
	- parking to wait for  <0x00000000e03f62f8> (a java.util.concurrent.locks.AbstractQueuedSynchronizer$ConditionObject)
	at java.util.concurrent.locks.LockSupport.parkNanos(LockSupport.java:226)
	at java.util.concurrent.locks.AbstractQueuedSynchronizer$ConditionObject.awaitNanos(AbstractQueuedSynchronizer.java:2082)
	at java.util.concurrent.ThreadPoolExecutor.awaitTermination(ThreadPoolExecutor.java:1468)
	at jamp.main.Third.main(Third.java:45)
	at sun.reflect.NativeMethodAccessorImpl.invoke0(Native Method)
	at sun.reflect.NativeMethodAccessorImpl.invoke(NativeMethodAccessorImpl.java:57)
	at sun.reflect.DelegatingMethodAccessorImpl.invoke(DelegatingMethodAccessorImpl.java:43)
	at java.lang.reflect.Method.invoke(Method.java:606)
	at com.intellij.rt.execution.application.AppMain.main(AppMain.java:144)

"VM Thread" prio=10 tid=0x0000000009f6e800 nid=0x20d4 runnable 

"GC task thread#0 (ParallelGC)" prio=6 tid=0x00000000022bf000 nid=0x1ed8 runnable 

"GC task thread#1 (ParallelGC)" prio=6 tid=0x00000000022c0800 nid=0x159c runnable 

"GC task thread#2 (ParallelGC)" prio=6 tid=0x00000000022c2000 nid=0x1f58 runnable 

"GC task thread#3 (ParallelGC)" prio=6 tid=0x00000000022c4000 nid=0x1e58 runnable 

"GC task thread#4 (ParallelGC)" prio=6 tid=0x00000000022c7000 nid=0x1d64 runnable 

"GC task thread#5 (ParallelGC)" prio=6 tid=0x00000000022c8800 nid=0x11d8 runnable 

"GC task thread#6 (ParallelGC)" prio=6 tid=0x00000000022ca000 nid=0x1ebc runnable 

"GC task thread#7 (ParallelGC)" prio=6 tid=0x00000000022cb000 nid=0xdec runnable 

"VM Periodic Task Thread" prio=10 tid=0x000000000b029800 nid=0x11bc waiting on condition 

JNI global references: 161


Found one Java-level deadlock:
=============================
"pool-1-thread-5":
  waiting to lock monitor 0x000000000b2214b8 (object 0x00000000e03f85d8, a jamp.model.Spoon),
  which is held by "pool-1-thread-1"
"pool-1-thread-1":
  waiting to lock monitor 0x000000000b21e758 (object 0x00000000e03f85e8, a jamp.model.Spoon),
  which is held by "pool-1-thread-2"
"pool-1-thread-2":
  waiting to lock monitor 0x000000000b21fe08 (object 0x00000000e03fbac0, a jamp.model.Spoon),
  which is held by "pool-1-thread-3"
"pool-1-thread-3":
  waiting to lock monitor 0x000000000b2eaef8 (object 0x00000000e03fcbc8, a jamp.model.Spoon),
  which is held by "pool-1-thread-4"
"pool-1-thread-4":
  waiting to lock monitor 0x000000000e07dcb8 (object 0x00000000e03fce70, a jamp.model.Spoon),
  which is held by "pool-1-thread-5"

Java stack information for the threads listed above:
===================================================
"pool-1-thread-5":
	at jamp.task.Philosopher.eat(Philosopher.java:38)
	- waiting to lock <0x00000000e03f85d8> (a jamp.model.Spoon)
	- locked <0x00000000e03fce70> (a jamp.model.Spoon)
	at jamp.task.Philosopher.run(Philosopher.java:51)
	at java.util.concurrent.Executors$RunnableAdapter.call(Executors.java:471)
	at java.util.concurrent.FutureTask.run(FutureTask.java:262)
	at java.util.concurrent.ThreadPoolExecutor.runWorker(ThreadPoolExecutor.java:1145)
	at java.util.concurrent.ThreadPoolExecutor$Worker.run(ThreadPoolExecutor.java:615)
	at java.lang.Thread.run(Thread.java:745)
"pool-1-thread-1":
	at jamp.task.Philosopher.eat(Philosopher.java:38)
	- waiting to lock <0x00000000e03f85e8> (a jamp.model.Spoon)
	- locked <0x00000000e03f85d8> (a jamp.model.Spoon)
	at jamp.task.Philosopher.run(Philosopher.java:51)
	at java.util.concurrent.Executors$RunnableAdapter.call(Executors.java:471)
	at java.util.concurrent.FutureTask.run(FutureTask.java:262)
	at java.util.concurrent.ThreadPoolExecutor.runWorker(ThreadPoolExecutor.java:1145)
	at java.util.concurrent.ThreadPoolExecutor$Worker.run(ThreadPoolExecutor.java:615)
	at java.lang.Thread.run(Thread.java:745)
"pool-1-thread-2":
	at jamp.task.Philosopher.eat(Philosopher.java:38)
	- waiting to lock <0x00000000e03fbac0> (a jamp.model.Spoon)
	- locked <0x00000000e03f85e8> (a jamp.model.Spoon)
	at jamp.task.Philosopher.run(Philosopher.java:51)
	at java.util.concurrent.Executors$RunnableAdapter.call(Executors.java:471)
	at java.util.concurrent.FutureTask.run(FutureTask.java:262)
	at java.util.concurrent.ThreadPoolExecutor.runWorker(ThreadPoolExecutor.java:1145)
	at java.util.concurrent.ThreadPoolExecutor$Worker.run(ThreadPoolExecutor.java:615)
	at java.lang.Thread.run(Thread.java:745)
"pool-1-thread-3":
	at jamp.task.Philosopher.eat(Philosopher.java:38)
	- waiting to lock <0x00000000e03fcbc8> (a jamp.model.Spoon)
	- locked <0x00000000e03fbac0> (a jamp.model.Spoon)
	at jamp.task.Philosopher.run(Philosopher.java:51)
	at java.util.concurrent.Executors$RunnableAdapter.call(Executors.java:471)
	at java.util.concurrent.FutureTask.run(FutureTask.java:262)
	at java.util.concurrent.ThreadPoolExecutor.runWorker(ThreadPoolExecutor.java:1145)
	at java.util.concurrent.ThreadPoolExecutor$Worker.run(ThreadPoolExecutor.java:615)
	at java.lang.Thread.run(Thread.java:745)
"pool-1-thread-4":
	at jamp.task.Philosopher.eat(Philosopher.java:38)
	- waiting to lock <0x00000000e03fce70> (a jamp.model.Spoon)
	- locked <0x00000000e03fcbc8> (a jamp.model.Spoon)
	at jamp.task.Philosopher.run(Philosopher.java:51)
	at java.util.concurrent.Executors$RunnableAdapter.call(Executors.java:471)
	at java.util.concurrent.FutureTask.run(FutureTask.java:262)
	at java.util.concurrent.ThreadPoolExecutor.runWorker(ThreadPoolExecutor.java:1145)
	at java.util.concurrent.ThreadPoolExecutor$Worker.run(ThreadPoolExecutor.java:615)
	at java.lang.Thread.run(Thread.java:745)

Found 1 deadlock.

